[0.013s] Invoking command in '/shared_ws/build/baxter_bridge': AMENT_PREFIX_PATH=/shared_ws/install/baxter_maintenance_msgs:/shared_ws/install/baxter_core_msgs:${AMENT_PREFIX_PATH} CMAKE_PREFIX_PATH=/shared_ws/install/baxter_maintenance_msgs:/shared_ws/install/baxter_core_msgs:/opt/ros/humble LD_LIBRARY_PATH=/shared_ws/install/baxter_maintenance_msgs/lib:/shared_ws/install/baxter_core_msgs/lib:${LD_LIBRARY_PATH} PYTHONPATH=/shared_ws/install/baxter_maintenance_msgs/local/lib/python3.10/dist-packages:/shared_ws/install/baxter_core_msgs/local/lib/python3.10/dist-packages:${PYTHONPATH} /usr/bin/cmake /shared_ws/src/baxter_bridge -DCMAKE_INSTALL_PREFIX=/shared_ws/install/baxter_bridge
[0.023s] -- Found ament_cmake_auto: 1.3.11 (/opt/ros/humble/share/ament_cmake_auto/cmake)
[0.192s] -- Using all available rosidl_typesupport_c: rosidl_typesupport_fastrtps_c;rosidl_typesupport_introspection_c
[0.194s] -- Found rosidl_adapter: 3.1.6 (/opt/ros/humble/share/rosidl_adapter/cmake)
[0.220s] -- Using all available rosidl_typesupport_cpp: rosidl_typesupport_fastrtps_cpp;rosidl_typesupport_introspection_cpp
[0.277s] -- Found rmw_implementation_cmake: 6.1.2 (/opt/ros/humble/share/rmw_implementation_cmake/cmake)
[0.278s] -- Found rmw_fastrtps_cpp: 6.2.7 (/opt/ros/humble/share/rmw_fastrtps_cpp/cmake)
[0.363s] -- Using RMW implementation 'rmw_fastrtps_cpp' as default
[0.489s] -- Found eigen3_cmake_module: 0.1.1 (/opt/ros/humble/share/eigen3_cmake_module/cmake)
[0.490s] -- Ensuring Eigen3 include directory is part of orocos-kdl CMake target
[0.706s] -- Found ament_cmake_ros: 0.10.0 (/opt/ros/humble/share/ament_cmake_ros/cmake)
[0.814s] -- Using all available rosidl_typesupport_c: rosidl_typesupport_fastrtps_c;rosidl_typesupport_introspection_c
[0.999s] -- Using all available rosidl_typesupport_cpp: rosidl_typesupport_fastrtps_cpp;rosidl_typesupport_introspection_cpp
[1.014s] -- Found python_cmake_module: 0.10.0 (/opt/ros/humble/share/python_cmake_module/cmake)
[1.030s] -- Using PYTHON_EXECUTABLE: /usr/bin/python3
[1.030s] -- Using PYTHON_INCLUDE_DIRS: /usr/include/python3.10
[1.030s] -- Using PYTHON_LIBRARIES: /usr/lib/x86_64-linux-gnu/libpython3.10.so
[1.059s] -- Configuring done
[1.106s] -- Generating done
[1.120s] -- Build files have been written to: /shared_ws/build/baxter_bridge
[1.128s] Invoked command in '/shared_ws/build/baxter_bridge' returned '0': AMENT_PREFIX_PATH=/shared_ws/install/baxter_maintenance_msgs:/shared_ws/install/baxter_core_msgs:${AMENT_PREFIX_PATH} CMAKE_PREFIX_PATH=/shared_ws/install/baxter_maintenance_msgs:/shared_ws/install/baxter_core_msgs:/opt/ros/humble LD_LIBRARY_PATH=/shared_ws/install/baxter_maintenance_msgs/lib:/shared_ws/install/baxter_core_msgs/lib:${LD_LIBRARY_PATH} PYTHONPATH=/shared_ws/install/baxter_maintenance_msgs/local/lib/python3.10/dist-packages:/shared_ws/install/baxter_core_msgs/local/lib/python3.10/dist-packages:${PYTHONPATH} /usr/bin/cmake /shared_ws/src/baxter_bridge -DCMAKE_INSTALL_PREFIX=/shared_ws/install/baxter_bridge
[1.129s] Invoking command in '/shared_ws/build/baxter_bridge': AMENT_PREFIX_PATH=/shared_ws/install/baxter_maintenance_msgs:/shared_ws/install/baxter_core_msgs:${AMENT_PREFIX_PATH} CMAKE_PREFIX_PATH=/shared_ws/install/baxter_maintenance_msgs:/shared_ws/install/baxter_core_msgs:/opt/ros/humble LD_LIBRARY_PATH=/shared_ws/install/baxter_maintenance_msgs/lib:/shared_ws/install/baxter_core_msgs/lib:${LD_LIBRARY_PATH} PYTHONPATH=/shared_ws/install/baxter_maintenance_msgs/local/lib/python3.10/dist-packages:/shared_ws/install/baxter_core_msgs/local/lib/python3.10/dist-packages:${PYTHONPATH} /usr/bin/cmake --build /shared_ws/build/baxter_bridge -- -j16 -l16
[1.161s] Consolidate compiler generated dependencies of target baxter_bridge__rosidl_generator_c
[1.165s] [  2%] Built target baxter_bridge__cpp
[1.169s] [ 10%] Built target baxter_bridge__rosidl_generator_c
[1.171s] [ 10%] Built target ament_cmake_python_copy_baxter_bridge
[1.175s] Consolidate compiler generated dependencies of target baxter_bridge__rosidl_typesupport_cpp
[1.175s] Consolidate compiler generated dependencies of target baxter_bridge__rosidl_typesupport_introspection_cpp
[1.176s] Consolidate compiler generated dependencies of target baxter_bridge__rosidl_typesupport_fastrtps_cpp
[1.177s] Consolidate compiler generated dependencies of target baxter_bridge__rosidl_typesupport_c
[1.178s] Consolidate compiler generated dependencies of target baxter_bridge__rosidl_typesupport_introspection_c
[1.179s] Consolidate compiler generated dependencies of target baxter_bridge__rosidl_typesupport_fastrtps_c
[1.184s] [ 21%] Built target baxter_bridge__rosidl_typesupport_cpp
[1.185s] [ 27%] Built target baxter_bridge__rosidl_typesupport_introspection_cpp
[1.185s] [ 36%] Built target baxter_bridge__rosidl_typesupport_c
[1.185s] [ 44%] Built target baxter_bridge__rosidl_typesupport_fastrtps_cpp
[1.188s] [ 53%] Built target baxter_bridge__rosidl_typesupport_introspection_c
[1.189s] [ 61%] Built target baxter_bridge__rosidl_typesupport_fastrtps_c
[1.204s] [ 63%] Building CXX object CMakeFiles/bridge.dir/src/baxter_bridge.cpp.o
[1.205s] [ 65%] Building CXX object CMakeFiles/bridge.dir/src/monitor.cpp.o
[1.205s] [ 70%] Building CXX object CMakeFiles/bridge.dir/src/bridge.cpp.o
[1.205s] [ 68%] Building CXX object CMakeFiles/bridge.dir/src/factory.cpp.o
[1.205s] [ 72%] Building CXX object CMakeFiles/bridge.dir/src/topic_poller.cpp.o
[1.205s] [ 74%] Building CXX object CMakeFiles/bridge.dir/src/factory_1to2.cpp.o
[1.208s] [ 76%] Building CXX object CMakeFiles/bridge.dir/src/factory_2to1.cpp.o
[1.210s] [ 76%] Built target baxter_bridge
[1.232s] [ 78%] Generating Python code for ROS interfaces
[1.233s] In file included from /shared_ws/src/baxter_bridge/src/monitor.cpp:1:
[1.233s] /shared_ws/src/baxter_bridge/include/baxter_bridge/monitor.h:4:10: fatal error: ros/ros.h: No such file or directory
[1.233s]     4 | #include <ros/ros.h>
[1.233s]       |          ^~~~~~~~~~~
[1.233s] /shared_ws/src/baxter_bridge/src/bridge.cpp:1:10: fatal error: ros/node_handle.h: No such file or directory
[1.233s]     1 | #include <ros/node_handle.h>
[1.234s]       |          ^~~~~~~~~~~~~~~~~~~
[1.234s] In file included from /shared_ws/src/baxter_bridge/include/baxter_bridge/bridge_1to2.h:4,
[1.234s]                  from /shared_ws/src/baxter_bridge/src/factory_1to2.cpp:2:
[1.234s] /shared_ws/src/baxter_bridge/include/baxter_bridge/bridge.h:4:10: fatal error: ros/node_handle.h: No such file or directory
[1.234s]     4 | #include <ros/node_handle.h>
[1.234s]       |          ^~~~~~~~~~~~~~~~~~~
[1.235s] In file included from /shared_ws/src/baxter_bridge/include/baxter_bridge/solve_ik.h:7,
[1.235s]                  from /shared_ws/src/baxter_bridge/src/baxter_bridge.cpp:1:
[1.235s] /shared_ws/src/baxter_bridge/ros1_msgs/baxter_core_msgs/SolvePositionIK.h:8:10: fatal error: ros/service_traits.h: No such file or directory
[1.235s]     8 | #include <ros/service_traits.h>
[1.235s]       |          ^~~~~~~~~~~~~~~~~~~~~~
[1.235s] compilation terminated.
[1.235s] compilation terminated.
[1.235s] compilation terminated.
[1.235s] compilation terminated.
[1.235s] In file included from /shared_ws/src/baxter_bridge/include/baxter_bridge/bridge_2to1.h:4,
[1.235s]                  from /shared_ws/src/baxter_bridge/src/factory_2to1.cpp:2:
[1.235s] /shared_ws/src/baxter_bridge/include/baxter_bridge/bridge.h:4:10: fatal error: ros/node_handle.h: No such file or directory
[1.235s]     4 | #include <ros/node_handle.h>
[1.236s]       |          ^~~~~~~~~~~~~~~~~~~
[1.236s] compilation terminated.
[1.236s] gmake[2]: *** [CMakeFiles/bridge.dir/build.make:90: CMakeFiles/bridge.dir/src/bridge.cpp.o] Error 1
[1.236s] gmake[2]: *** Waiting for unfinished jobs....
[1.236s] gmake[2]: *** [CMakeFiles/bridge.dir/build.make:132: CMakeFiles/bridge.dir/src/factory_1to2.cpp.o] Error 1
[1.236s] gmake[2]: *** [CMakeFiles/bridge.dir/build.make:104: CMakeFiles/bridge.dir/src/monitor.cpp.o] Error 1
[1.236s] gmake[2]: *** [CMakeFiles/bridge.dir/build.make:146: CMakeFiles/bridge.dir/src/factory_2to1.cpp.o] Error 1
[1.236s] gmake[2]: *** [CMakeFiles/bridge.dir/build.make:76: CMakeFiles/bridge.dir/src/baxter_bridge.cpp.o] Error 1
[1.344s] In file included from /shared_ws/src/baxter_bridge/src/topic_poller.cpp:1:
[1.344s] /shared_ws/src/baxter_bridge/include/baxter_bridge/topic_poller.h:6:10: fatal error: ros/ros.h: No such file or directory
[1.344s]     6 | #include <ros/ros.h>
[1.344s]       |          ^~~~~~~~~~~
[1.344s] compilation terminated.
[1.345s] gmake[2]: *** [CMakeFiles/bridge.dir/build.make:160: CMakeFiles/bridge.dir/src/topic_poller.cpp.o] Error 1
[1.373s] In file included from /shared_ws/src/baxter_bridge/include/baxter_bridge/factory.h:8,
[1.373s]                  from /shared_ws/src/baxter_bridge/src/factory.cpp:1:
[1.373s] /shared_ws/src/baxter_bridge/include/baxter_bridge/bridge.h:4:10: fatal error: ros/node_handle.h: No such file or directory
[1.373s]     4 | #include <ros/node_handle.h>
[1.373s]       |          ^~~~~~~~~~~~~~~~~~~
[1.373s] compilation terminated.
[1.374s] gmake[2]: *** [CMakeFiles/bridge.dir/build.make:118: CMakeFiles/bridge.dir/src/factory.cpp.o] Error 1
[1.374s] gmake[1]: *** [CMakeFiles/Makefile2:593: CMakeFiles/bridge.dir/all] Error 2
[1.374s] gmake[1]: *** Waiting for unfinished jobs....
[1.404s] running egg_info
[1.405s] writing baxter_bridge.egg-info/PKG-INFO
[1.405s] writing dependency_links to baxter_bridge.egg-info/dependency_links.txt
[1.405s] writing top-level names to baxter_bridge.egg-info/top_level.txt
[1.407s] reading manifest file 'baxter_bridge.egg-info/SOURCES.txt'
[1.407s] writing manifest file 'baxter_bridge.egg-info/SOURCES.txt'
[1.428s] [ 78%] Built target ament_cmake_python_build_baxter_bridge_egg
[1.807s] [ 78%] Built target baxter_bridge__py
[1.808s] gmake: *** [Makefile:146: all] Error 2
[1.809s] Invoked command in '/shared_ws/build/baxter_bridge' returned '2': AMENT_PREFIX_PATH=/shared_ws/install/baxter_maintenance_msgs:/shared_ws/install/baxter_core_msgs:${AMENT_PREFIX_PATH} CMAKE_PREFIX_PATH=/shared_ws/install/baxter_maintenance_msgs:/shared_ws/install/baxter_core_msgs:/opt/ros/humble LD_LIBRARY_PATH=/shared_ws/install/baxter_maintenance_msgs/lib:/shared_ws/install/baxter_core_msgs/lib:${LD_LIBRARY_PATH} PYTHONPATH=/shared_ws/install/baxter_maintenance_msgs/local/lib/python3.10/dist-packages:/shared_ws/install/baxter_core_msgs/local/lib/python3.10/dist-packages:${PYTHONPATH} /usr/bin/cmake --build /shared_ws/build/baxter_bridge -- -j16 -l16
