[0.012s] Invoking command in '/shared_ws/build/baxter_bridge': AMENT_PREFIX_PATH=/shared_ws/install/baxter_maintenance_msgs:/shared_ws/install/baxter_core_msgs:${AMENT_PREFIX_PATH} CMAKE_PREFIX_PATH=/shared_ws/install/baxter_maintenance_msgs:/shared_ws/install/baxter_core_msgs:/opt/ros/humble LD_LIBRARY_PATH=/shared_ws/install/baxter_maintenance_msgs/lib:/shared_ws/install/baxter_core_msgs/lib:${LD_LIBRARY_PATH} PYTHONPATH=/shared_ws/install/baxter_maintenance_msgs/local/lib/python3.10/dist-packages:/shared_ws/install/baxter_core_msgs/local/lib/python3.10/dist-packages:${PYTHONPATH} /usr/bin/cmake /shared_ws/src/baxter_bridge -DCMAKE_BUILD_TYPE=Release -DCMAKE_INSTALL_PREFIX=/shared_ws/install/baxter_bridge
[0.022s] -- Found ament_cmake_auto: 1.3.11 (/opt/ros/humble/share/ament_cmake_auto/cmake)
[0.216s] -- Using all available rosidl_typesupport_c: rosidl_typesupport_fastrtps_c;rosidl_typesupport_introspection_c
[0.218s] -- Found rosidl_adapter: 3.1.6 (/opt/ros/humble/share/rosidl_adapter/cmake)
[0.246s] -- Using all available rosidl_typesupport_cpp: rosidl_typesupport_fastrtps_cpp;rosidl_typesupport_introspection_cpp
[0.310s] -- Found rmw_implementation_cmake: 6.1.2 (/opt/ros/humble/share/rmw_implementation_cmake/cmake)
[0.311s] -- Found rmw_fastrtps_cpp: 6.2.7 (/opt/ros/humble/share/rmw_fastrtps_cpp/cmake)
[0.404s] -- Using RMW implementation 'rmw_fastrtps_cpp' as default
[0.555s] -- Found eigen3_cmake_module: 0.1.1 (/opt/ros/humble/share/eigen3_cmake_module/cmake)
[0.556s] -- Ensuring Eigen3 include directory is part of orocos-kdl CMake target
[0.838s] -- Found ament_cmake_ros: 0.10.0 (/opt/ros/humble/share/ament_cmake_ros/cmake)
[0.993s] -- Using all available rosidl_typesupport_c: rosidl_typesupport_fastrtps_c;rosidl_typesupport_introspection_c
[1.212s] -- Using all available rosidl_typesupport_cpp: rosidl_typesupport_fastrtps_cpp;rosidl_typesupport_introspection_cpp
[1.232s] -- Found python_cmake_module: 0.10.0 (/opt/ros/humble/share/python_cmake_module/cmake)
[1.251s] -- Using PYTHON_EXECUTABLE: /usr/bin/python3
[1.251s] -- Using PYTHON_INCLUDE_DIRS: /usr/include/python3.10
[1.252s] -- Using PYTHON_LIBRARIES: /usr/lib/x86_64-linux-gnu/libpython3.10.so
[1.280s] -- Configuring done
[1.329s] -- Generating done
[1.345s] -- Build files have been written to: /shared_ws/build/baxter_bridge
[1.353s] Invoked command in '/shared_ws/build/baxter_bridge' returned '0': AMENT_PREFIX_PATH=/shared_ws/install/baxter_maintenance_msgs:/shared_ws/install/baxter_core_msgs:${AMENT_PREFIX_PATH} CMAKE_PREFIX_PATH=/shared_ws/install/baxter_maintenance_msgs:/shared_ws/install/baxter_core_msgs:/opt/ros/humble LD_LIBRARY_PATH=/shared_ws/install/baxter_maintenance_msgs/lib:/shared_ws/install/baxter_core_msgs/lib:${LD_LIBRARY_PATH} PYTHONPATH=/shared_ws/install/baxter_maintenance_msgs/local/lib/python3.10/dist-packages:/shared_ws/install/baxter_core_msgs/local/lib/python3.10/dist-packages:${PYTHONPATH} /usr/bin/cmake /shared_ws/src/baxter_bridge -DCMAKE_BUILD_TYPE=Release -DCMAKE_INSTALL_PREFIX=/shared_ws/install/baxter_bridge
[1.354s] Invoking command in '/shared_ws/build/baxter_bridge': AMENT_PREFIX_PATH=/shared_ws/install/baxter_maintenance_msgs:/shared_ws/install/baxter_core_msgs:${AMENT_PREFIX_PATH} CMAKE_PREFIX_PATH=/shared_ws/install/baxter_maintenance_msgs:/shared_ws/install/baxter_core_msgs:/opt/ros/humble LD_LIBRARY_PATH=/shared_ws/install/baxter_maintenance_msgs/lib:/shared_ws/install/baxter_core_msgs/lib:${LD_LIBRARY_PATH} PYTHONPATH=/shared_ws/install/baxter_maintenance_msgs/local/lib/python3.10/dist-packages:/shared_ws/install/baxter_core_msgs/local/lib/python3.10/dist-packages:${PYTHONPATH} /usr/bin/cmake --build /shared_ws/build/baxter_bridge -- -j16 -l16
[1.390s] Consolidate compiler generated dependencies of target baxter_bridge__rosidl_generator_c
[1.398s] [  2%] Building C object CMakeFiles/baxter_bridge__rosidl_generator_c.dir/rosidl_generator_c/baxter_bridge/srv/detail/open__functions.c.o
[1.398s] [  6%] Building C object CMakeFiles/baxter_bridge__rosidl_generator_c.dir/rosidl_generator_c/baxter_bridge/srv/detail/exists__functions.c.o
[1.398s] [  6%] Built target baxter_bridge__cpp
[1.403s] [  6%] Built target ament_cmake_python_copy_baxter_bridge
[1.408s] Consolidate compiler generated dependencies of target baxter_bridge__rosidl_typesupport_cpp
[1.408s] Consolidate compiler generated dependencies of target baxter_bridge__rosidl_typesupport_introspection_cpp
[1.408s] Consolidate compiler generated dependencies of target baxter_bridge__rosidl_typesupport_fastrtps_cpp
[1.417s] [ 12%] Building CXX object CMakeFiles/baxter_bridge__rosidl_typesupport_introspection_cpp.dir/rosidl_typesupport_introspection_cpp/baxter_bridge/srv/detail/open__type_support.cpp.o
[1.417s] [ 12%] Building CXX object CMakeFiles/baxter_bridge__rosidl_typesupport_cpp.dir/rosidl_typesupport_cpp/baxter_bridge/srv/exists__type_support.cpp.o
[1.417s] [ 12%] Building CXX object CMakeFiles/baxter_bridge__rosidl_typesupport_introspection_cpp.dir/rosidl_typesupport_introspection_cpp/baxter_bridge/srv/detail/exists__type_support.cpp.o
[1.419s] [ 14%] Building CXX object CMakeFiles/baxter_bridge__rosidl_typesupport_cpp.dir/rosidl_typesupport_cpp/baxter_bridge/srv/open__type_support.cpp.o
[1.419s] [ 17%] Building CXX object CMakeFiles/baxter_bridge__rosidl_typesupport_fastrtps_cpp.dir/rosidl_typesupport_fastrtps_cpp/baxter_bridge/srv/detail/dds_fastrtps/exists__type_support.cpp.o
[1.420s] [ 19%] Building CXX object CMakeFiles/baxter_bridge__rosidl_typesupport_fastrtps_cpp.dir/rosidl_typesupport_fastrtps_cpp/baxter_bridge/srv/detail/dds_fastrtps/open__type_support.cpp.o
[1.606s] [ 21%] Linking C shared library libbaxter_bridge__rosidl_generator_c.so
[1.645s] [ 23%] Built target baxter_bridge__rosidl_generator_c
[1.648s] running egg_info
[1.650s] writing baxter_bridge.egg-info/PKG-INFO
[1.650s] writing dependency_links to baxter_bridge.egg-info/dependency_links.txt
[1.650s] writing top-level names to baxter_bridge.egg-info/top_level.txt
[1.654s] reading manifest file 'baxter_bridge.egg-info/SOURCES.txt'
[1.656s] writing manifest file 'baxter_bridge.egg-info/SOURCES.txt'
[1.659s] Consolidate compiler generated dependencies of target baxter_bridge__rosidl_typesupport_fastrtps_c
[1.663s] Consolidate compiler generated dependencies of target baxter_bridge__rosidl_typesupport_c
[1.664s] Consolidate compiler generated dependencies of target baxter_bridge__rosidl_typesupport_introspection_c
[1.676s] [ 25%] Building CXX object CMakeFiles/baxter_bridge__rosidl_typesupport_fastrtps_c.dir/rosidl_typesupport_fastrtps_c/baxter_bridge/srv/detail/open__type_support_c.cpp.o
[1.676s] [ 27%] Building CXX object CMakeFiles/baxter_bridge__rosidl_typesupport_fastrtps_c.dir/rosidl_typesupport_fastrtps_c/baxter_bridge/srv/detail/exists__type_support_c.cpp.o
[1.679s] [ 31%] Building CXX object CMakeFiles/baxter_bridge__rosidl_typesupport_c.dir/rosidl_typesupport_c/baxter_bridge/srv/open__type_support.cpp.o
[1.679s] [ 31%] Building CXX object CMakeFiles/baxter_bridge__rosidl_typesupport_c.dir/rosidl_typesupport_c/baxter_bridge/srv/exists__type_support.cpp.o
[1.679s] [ 34%] Building C object CMakeFiles/baxter_bridge__rosidl_typesupport_introspection_c.dir/rosidl_typesupport_introspection_c/baxter_bridge/srv/detail/open__type_support.c.o
[1.682s] [ 36%] Building C object CMakeFiles/baxter_bridge__rosidl_typesupport_introspection_c.dir/rosidl_typesupport_introspection_c/baxter_bridge/srv/detail/exists__type_support.c.o
[1.704s] [ 36%] Built target ament_cmake_python_build_baxter_bridge_egg
[1.742s] [ 38%] Linking CXX shared library libbaxter_bridge__rosidl_typesupport_c.so
[1.765s] [ 40%] Linking C shared library libbaxter_bridge__rosidl_typesupport_introspection_c.so
[1.801s] [ 42%] Built target baxter_bridge__rosidl_typesupport_c
[1.808s] [ 44%] Built target baxter_bridge__rosidl_typesupport_introspection_c
[2.014s] [ 46%] Linking CXX shared library libbaxter_bridge__rosidl_typesupport_cpp.so
[2.067s] [ 48%] Built target baxter_bridge__rosidl_typesupport_cpp
[2.093s] [ 51%] Building CXX object CMakeFiles/bridge.dir/src/topic_poller.cpp.o
[2.095s] [ 53%] Building CXX object CMakeFiles/bridge.dir/src/baxter_bridge.cpp.o
[2.095s] [ 55%] Building CXX object CMakeFiles/bridge.dir/src/factory.cpp.o
[2.095s] [ 57%] Building CXX object CMakeFiles/bridge.dir/src/bridge.cpp.o
[2.096s] [ 61%] Building CXX object CMakeFiles/bridge.dir/src/monitor.cpp.o
[2.096s] [ 61%] Building CXX object CMakeFiles/bridge.dir/src/factory_1to2.cpp.o
[2.096s] [ 63%] Building CXX object CMakeFiles/bridge.dir/src/factory_2to1.cpp.o
[2.108s] In file included from /shared_ws/src/baxter_bridge/include/baxter_bridge/bridge_1to2.h:4,
[2.109s]                  from /shared_ws/src/baxter_bridge/src/factory_1to2.cpp:2:
[2.109s] /shared_ws/src/baxter_bridge/include/baxter_bridge/bridge.h:4:10: fatal error: ros/node_handle.h: No such file or directory
[2.109s]     4 | #include <ros/node_handle.h>
[2.109s]       |          ^~~~~~~~~~~~~~~~~~~
[2.110s] compilation terminated.
[2.110s] gmake[2]: *** [CMakeFiles/bridge.dir/build.make:132: CMakeFiles/bridge.dir/src/factory_1to2.cpp.o] Error 1
[2.110s] gmake[2]: *** Waiting for unfinished jobs....
[2.111s] /shared_ws/src/baxter_bridge/src/bridge.cpp:1:10: fatal error: ros/node_handle.h: No such file or directory
[2.111s]     1 | #include <ros/node_handle.h>
[2.112s]       |          ^~~~~~~~~~~~~~~~~~~
[2.112s] compilation terminated.
[2.112s] In file included from /shared_ws/src/baxter_bridge/src/monitor.cpp:1:
[2.112s] /shared_ws/src/baxter_bridge/include/baxter_bridge/monitor.h:4:10: fatal error: ros/ros.h: No such file or directory
[2.112s]     4 | #include <ros/ros.h>
[2.113s]       |          ^~~~~~~~~~~
[2.113s] compilation terminated.
[2.113s] In file included from /shared_ws/src/baxter_bridge/include/baxter_bridge/bridge_2to1.h:4,
[2.113s]                  from /shared_ws/src/baxter_bridge/src/factory_2to1.cpp:2:
[2.113s] /shared_ws/src/baxter_bridge/include/baxter_bridge/bridge.h:4:10: fatal error: ros/node_handle.h: No such file or directory
[2.114s]     4 | #include <ros/node_handle.h>
[2.114s]       |          ^~~~~~~~~~~~~~~~~~~
[2.114s] gmake[2]: *** [CMakeFiles/bridge.dir/build.make:90: CMakeFiles/bridge.dir/src/bridge.cpp.o] Error 1
[2.114s] compilation terminated.
[2.114s] gmake[2]: *** [CMakeFiles/bridge.dir/build.make:104: CMakeFiles/bridge.dir/src/monitor.cpp.o] Error 1
[2.114s] gmake[2]: *** [CMakeFiles/bridge.dir/build.make:146: CMakeFiles/bridge.dir/src/factory_2to1.cpp.o] Error 1
[2.118s] In file included from /shared_ws/src/baxter_bridge/include/baxter_bridge/solve_ik.h:7,
[2.118s]                  from /shared_ws/src/baxter_bridge/src/baxter_bridge.cpp:1:
[2.118s] /shared_ws/src/baxter_bridge/ros1_msgs/baxter_core_msgs/SolvePositionIK.h:8:10: fatal error: ros/service_traits.h: No such file or directory
[2.118s]     8 | #include <ros/service_traits.h>
[2.118s]       |          ^~~~~~~~~~~~~~~~~~~~~~
[2.119s] compilation terminated.
[2.119s] gmake[2]: *** [CMakeFiles/bridge.dir/build.make:76: CMakeFiles/bridge.dir/src/baxter_bridge.cpp.o] Error 1
[2.252s] [ 65%] Linking CXX shared library libbaxter_bridge__rosidl_typesupport_introspection_cpp.so
[2.268s] [ 68%] Linking CXX shared library libbaxter_bridge__rosidl_typesupport_fastrtps_cpp.so
[2.270s] In file included from /shared_ws/src/baxter_bridge/src/topic_poller.cpp:1:
[2.271s] /shared_ws/src/baxter_bridge/include/baxter_bridge/topic_poller.h:6:10: fatal error: ros/ros.h: No such file or directory
[2.271s]     6 | #include <ros/ros.h>
[2.271s]       |          ^~~~~~~~~~~
[2.271s] compilation terminated.
[2.272s] gmake[2]: *** [CMakeFiles/bridge.dir/build.make:160: CMakeFiles/bridge.dir/src/topic_poller.cpp.o] Error 1
[2.273s] In file included from /shared_ws/src/baxter_bridge/include/baxter_bridge/factory.h:8,
[2.273s]                  from /shared_ws/src/baxter_bridge/src/factory.cpp:1:
[2.273s] /shared_ws/src/baxter_bridge/include/baxter_bridge/bridge.h:4:10: fatal error: ros/node_handle.h: No such file or directory
[2.273s]     4 | #include <ros/node_handle.h>
[2.274s]       |          ^~~~~~~~~~~~~~~~~~~
[2.274s] compilation terminated.
[2.275s] gmake[2]: *** [CMakeFiles/bridge.dir/build.make:118: CMakeFiles/bridge.dir/src/factory.cpp.o] Error 1
[2.275s] gmake[1]: *** [CMakeFiles/Makefile2:593: CMakeFiles/bridge.dir/all] Error 2
[2.275s] gmake[1]: *** Waiting for unfinished jobs....
[2.330s] [ 70%] Built target baxter_bridge__rosidl_typesupport_introspection_cpp
[2.360s] [ 72%] Built target baxter_bridge__rosidl_typesupport_fastrtps_cpp
[2.489s] [ 74%] Linking CXX shared library libbaxter_bridge__rosidl_typesupport_fastrtps_c.so
[2.558s] [ 76%] Built target baxter_bridge__rosidl_typesupport_fastrtps_c
[2.559s] gmake: *** [Makefile:146: all] Error 2
[2.561s] Invoked command in '/shared_ws/build/baxter_bridge' returned '2': AMENT_PREFIX_PATH=/shared_ws/install/baxter_maintenance_msgs:/shared_ws/install/baxter_core_msgs:${AMENT_PREFIX_PATH} CMAKE_PREFIX_PATH=/shared_ws/install/baxter_maintenance_msgs:/shared_ws/install/baxter_core_msgs:/opt/ros/humble LD_LIBRARY_PATH=/shared_ws/install/baxter_maintenance_msgs/lib:/shared_ws/install/baxter_core_msgs/lib:${LD_LIBRARY_PATH} PYTHONPATH=/shared_ws/install/baxter_maintenance_msgs/local/lib/python3.10/dist-packages:/shared_ws/install/baxter_core_msgs/local/lib/python3.10/dist-packages:${PYTHONPATH} /usr/bin/cmake --build /shared_ws/build/baxter_bridge -- -j16 -l16
